Using pre-set license
Built from '2020.3/staging' branch; Version is '2020.3.6f1 (338bb68529b2) revision 3378102'; Using compiler version '192528614'; Build Type 'Release'
OS: 'Windows 10 Pro; OS build 19042.928; Version 2009; 64bit' Language: 'en' Physical Memory: 16285 MB
BatchMode: 1, IsHumanControllingUs: 0, StartBugReporterOnCrash: 0, Is64bit: 1, IsPro: 0

 COMMAND LINE ARGUMENTS:
C:\Program Files\Unity\Hub\Editor\2020.3.6f1\Editor\Unity.exe
-adb2
-batchMode
-noUpm
-name
AssetImportWorker0
-projectPath
C:/Users/Addam/OneDrive/Desktop/Unity Projects/New Unity Project (1)
-logFile
Logs/AssetImportWorker0.log
-srvPort
56107
Successfully changed project path to: C:/Users/Addam/OneDrive/Desktop/Unity Projects/New Unity Project (1)
C:/Users/Addam/OneDrive/Desktop/Unity Projects/New Unity Project (1)
Using Asset Import Pipeline V2.
Refreshing native plugins compatible for Editor in 22.40 ms, found 0 plugins.
Preloading 0 native plugins for Editor in 0.00 ms.
Initialize engine version: 2020.3.6f1 (338bb68529b2)
[Subsystems] Discovering subsystems at path C:/Program Files/Unity/Hub/Editor/2020.3.6f1/Editor/Data/Resources/UnitySubsystems
[Subsystems] Discovering subsystems at path C:/Users/Addam/OneDrive/Desktop/Unity Projects/New Unity Project (1)/Assets
GfxDevice: creating device client; threaded=0
Direct3D:
    Version:  Direct3D 11.0 [level 11.0]
    Renderer: NVIDIA GeForce GTX 570 (ID=0x1081)
    Vendor:   
    VRAM:     1224 MB
    Driver:   23.21.13.9135
Initialize mono
Mono path[0] = 'C:/Program Files/Unity/Hub/Editor/2020.3.6f1/Editor/Data/Managed'
Mono path[1] = 'C:/Program Files/Unity/Hub/Editor/2020.3.6f1/Editor/Data/MonoBleedingEdge/lib/mono/unityjit'
Mono config path = 'C:/Program Files/Unity/Hub/Editor/2020.3.6f1/Editor/Data/MonoBleedingEdge/etc'
Using monoOptions --debugger-agent=transport=dt_socket,embedding=1,server=y,suspend=n,address=127.0.0.1:56016
Begin MonoManager ReloadAssembly
Registering precompiled unity dll's ...
Register platform support module: C:/Program Files/Unity/Hub/Editor/2020.3.6f1/Editor/Data/PlaybackEngines/WebGLSupport/UnityEditor.WebGL.Extensions.dll
Register platform support module: C:/Program Files/Unity/Hub/Editor/2020.3.6f1/Editor/Data/PlaybackEngines/WindowsStandaloneSupport/UnityEditor.WindowsStandalone.Extensions.dll
Registered in 0.002403 seconds.
Native extension for WindowsStandalone target not found
Native extension for WebGL target not found
Refreshing native plugins compatible for Editor in 22.17 ms, found 0 plugins.
Preloading 0 native plugins for Editor in 0.00 ms.
Mono: successfully reloaded assembly
- Completed reload, in  1.144 seconds
Platform modules already initialized, skipping
Registering precompiled user dll's ...
Registered in 0.000753 seconds.
Begin MonoManager ReloadAssembly
Native extension for WindowsStandalone target not found
Native extension for WebGL target not found
Refreshing native plugins compatible for Editor in 0.25 ms, found 0 plugins.
Preloading 0 native plugins for Editor in 0.00 ms.
Mono: successfully reloaded assembly
- Completed reload, in  0.808 seconds
Platform modules already initialized, skipping
========================================================================
Worker process is ready to serve import requests
Launched and connected shader compiler UnityShaderCompiler.exe after 0.04 seconds
Refreshing native plugins compatible for Editor in 0.25 ms, found 0 plugins.
Preloading 0 native plugins for Editor in 0.00 ms.
Unloading 1116 Unused Serialized files (Serialized files now loaded: 0)
System memory in use before: 57.2 MB.
System memory in use after: 57.2 MB.

Unloading 10 unused Assets to reduce memory usage. Loaded Objects now: 1558.
Total: 1.700100 ms (FindLiveObjects: 0.130800 ms CreateObjectMapping: 0.036500 ms MarkObjects: 1.459400 ms  DeleteObjects: 0.072400 ms)

========================================================================
Received Import Request.
  path: Assets/Player.cs
  artifactKey: Guid(3f2b928d05fc62545905ea50ae1667eb) Importer(815301076,1909f56bfc062723c751e8b465ee728b)
Start importing Assets/Player.cs using Guid(3f2b928d05fc62545905ea50ae1667eb) Importer(815301076,1909f56bfc062723c751e8b465ee728b)  -> (artifact id: 'c80409994e7d81f30afca8a7aa915e50') in 0.021268 seconds
  Import took 0.024594 seconds .

========================================================================
Received Import Request.
  Time since last request: 0.980756 seconds.
  path: Assets/Player.cs
  artifactKey: Guid(3f2b928d05fc62545905ea50ae1667eb) Importer(815301076,1909f56bfc062723c751e8b465ee728b)
Start importing Assets/Player.cs using Guid(3f2b928d05fc62545905ea50ae1667eb) Importer(815301076,1909f56bfc062723c751e8b465ee728b)  -> (artifact id: 'c80409994e7d81f30afca8a7aa915e50') in 0.002048 seconds
  Import took 0.005472 seconds .

========================================================================
Received Prepare
Registering precompiled user dll's ...
Registered in 0.000731 seconds.
Begin MonoManager ReloadAssembly
Native extension for WindowsStandalone target not found
Native extension for WebGL target not found
Refreshing native plugins compatible for Editor in 0.25 ms, found 0 plugins.
Preloading 0 native plugins for Editor in 0.00 ms.
Mono: successfully reloaded assembly
- Completed reload, in  0.766 seconds
Platform modules already initialized, skipping
Refreshing native plugins compatible for Editor in 0.22 ms, found 0 plugins.
Preloading 0 native plugins for Editor in 0.00 ms.
Unloading 1111 Unused Serialized files (Serialized files now loaded: 0)
System memory in use before: 57.1 MB.
System memory in use after: 57.2 MB.

Unloading 5 unused Assets to reduce memory usage. Loaded Objects now: 1561.
Total: 1.645300 ms (FindLiveObjects: 0.224300 ms CreateObjectMapping: 0.052100 ms MarkObjects: 1.323000 ms  DeleteObjects: 0.045100 ms)

========================================================================
Received Import Request.
  Time since last request: 36.138480 seconds.
  path: Assets/Player.cs
  artifactKey: Guid(3f2b928d05fc62545905ea50ae1667eb) Importer(815301076,1909f56bfc062723c751e8b465ee728b)
Start importing Assets/Player.cs using Guid(3f2b928d05fc62545905ea50ae1667eb) Importer(815301076,1909f56bfc062723c751e8b465ee728b)  -> (artifact id: '5e38c1bc46a41a36e612fcab010d0e7c') in 0.004535 seconds
  Import took 0.007858 seconds .

========================================================================
Received Prepare
Registering precompiled user dll's ...
Registered in 0.000815 seconds.
Begin MonoManager ReloadAssembly
Native extension for WindowsStandalone target not found
Native extension for WebGL target not found
Refreshing native plugins compatible for Editor in 0.25 ms, found 0 plugins.
Preloading 0 native plugins for Editor in 0.00 ms.
Mono: successfully reloaded assembly
- Completed reload, in  0.747 seconds
Platform modules already initialized, skipping
Refreshing native plugins compatible for Editor in 0.23 ms, found 0 plugins.
Preloading 0 native plugins for Editor in 0.00 ms.
Unloading 1111 Unused Serialized files (Serialized files now loaded: 0)
System memory in use before: 57.2 MB.
System memory in use after: 57.2 MB.

Unloading 5 unused Assets to reduce memory usage. Loaded Objects now: 1564.
Total: 1.647800 ms (FindLiveObjects: 0.127600 ms CreateObjectMapping: 0.037200 ms MarkObjects: 1.433000 ms  DeleteObjects: 0.049000 ms)

========================================================================
Received Import Request.
  Time since last request: 22.848551 seconds.
  path: Assets/Player.cs
  artifactKey: Guid(3f2b928d05fc62545905ea50ae1667eb) Importer(815301076,1909f56bfc062723c751e8b465ee728b)
Start importing Assets/Player.cs using Guid(3f2b928d05fc62545905ea50ae1667eb) Importer(815301076,1909f56bfc062723c751e8b465ee728b)  -> (artifact id: '3bfbbe43f02bca2e3446896c61c20eca') in 0.006506 seconds
  Import took 0.010056 seconds .

========================================================================
Received Prepare
Registering precompiled user dll's ...
Registered in 0.000669 seconds.
Begin MonoManager ReloadAssembly
Native extension for WindowsStandalone target not found
Native extension for WebGL target not found
Refreshing native plugins compatible for Editor in 0.25 ms, found 0 plugins.
Preloading 0 native plugins for Editor in 0.00 ms.
Mono: successfully reloaded assembly
- Completed reload, in  0.772 seconds
Platform modules already initialized, skipping
Refreshing native plugins compatible for Editor in 0.24 ms, found 0 plugins.
Preloading 0 native plugins for Editor in 0.00 ms.
Unloading 1111 Unused Serialized files (Serialized files now loaded: 0)
System memory in use before: 57.2 MB.
System memory in use after: 57.2 MB.

Unloading 5 unused Assets to reduce memory usage. Loaded Objects now: 1567.
Total: 1.751800 ms (FindLiveObjects: 0.209900 ms CreateObjectMapping: 0.035400 ms MarkObjects: 1.461400 ms  DeleteObjects: 0.043800 ms)

========================================================================
Received Import Request.
  Time since last request: 19.991252 seconds.
  path: Assets/Player.cs
  artifactKey: Guid(3f2b928d05fc62545905ea50ae1667eb) Importer(815301076,1909f56bfc062723c751e8b465ee728b)
Start importing Assets/Player.cs using Guid(3f2b928d05fc62545905ea50ae1667eb) Importer(815301076,1909f56bfc062723c751e8b465ee728b)  -> (artifact id: 'daf55e7abf5ad8bd8897a28fbeb08b5a') in 0.004611 seconds
  Import took 0.008932 seconds .

========================================================================
Received Import Request.
  Time since last request: 1.025822 seconds.
  path: Assets/Player.cs
  artifactKey: Guid(3f2b928d05fc62545905ea50ae1667eb) Importer(815301076,1909f56bfc062723c751e8b465ee728b)
Start importing Assets/Player.cs using Guid(3f2b928d05fc62545905ea50ae1667eb) Importer(815301076,1909f56bfc062723c751e8b465ee728b)  -> (artifact id: 'daf55e7abf5ad8bd8897a28fbeb08b5a') in 0.002467 seconds
  Import took 0.006291 seconds .

========================================================================
Received Prepare
Registering precompiled user dll's ...
Registered in 0.000667 seconds.
Begin MonoManager ReloadAssembly
Native extension for WindowsStandalone target not found
Native extension for WebGL target not found
Refreshing native plugins compatible for Editor in 0.24 ms, found 0 plugins.
Preloading 0 native plugins for Editor in 0.00 ms.
Mono: successfully reloaded assembly
- Completed reload, in  0.741 seconds
Platform modules already initialized, skipping
Refreshing native plugins compatible for Editor in 0.27 ms, found 0 plugins.
Preloading 0 native plugins for Editor in 0.00 ms.
Unloading 1111 Unused Serialized files (Serialized files now loaded: 0)
System memory in use before: 57.2 MB.
System memory in use after: 57.3 MB.

Unloading 5 unused Assets to reduce memory usage. Loaded Objects now: 1570.
Total: 1.627700 ms (FindLiveObjects: 0.139300 ms CreateObjectMapping: 0.035800 ms MarkObjects: 1.402900 ms  DeleteObjects: 0.048400 ms)

========================================================================
Received Prepare
Registering precompiled user dll's ...
Registered in 0.000844 seconds.
Begin MonoManager ReloadAssembly
Native extension for WindowsStandalone target not found
Native extension for WebGL target not found
Refreshing native plugins compatible for Editor in 0.25 ms, found 0 plugins.
Preloading 0 native plugins for Editor in 0.00 ms.
Mono: successfully reloaded assembly
- Completed reload, in  0.777 seconds
Platform modules already initialized, skipping
Refreshing native plugins compatible for Editor in 0.24 ms, found 0 plugins.
Preloading 0 native plugins for Editor in 0.00 ms.
Unloading 1111 Unused Serialized files (Serialized files now loaded: 0)
System memory in use before: 57.2 MB.
System memory in use after: 57.3 MB.

Unloading 5 unused Assets to reduce memory usage. Loaded Objects now: 1573.
Total: 2.236800 ms (FindLiveObjects: 0.327200 ms CreateObjectMapping: 0.055700 ms MarkObjects: 1.788300 ms  DeleteObjects: 0.063400 ms)

========================================================================
Received Prepare
Registering precompiled user dll's ...
Registered in 0.000750 seconds.
Begin MonoManager ReloadAssembly
Native extension for WindowsStandalone target not found
Native extension for WebGL target not found
Refreshing native plugins compatible for Editor in 0.36 ms, found 0 plugins.
Preloading 0 native plugins for Editor in 0.00 ms.
Mono: successfully reloaded assembly
- Completed reload, in  0.767 seconds
Platform modules already initialized, skipping
Refreshing native plugins compatible for Editor in 0.26 ms, found 0 plugins.
Preloading 0 native plugins for Editor in 0.00 ms.
Unloading 1111 Unused Serialized files (Serialized files now loaded: 0)
System memory in use before: 57.2 MB.
System memory in use after: 57.3 MB.

Unloading 5 unused Assets to reduce memory usage. Loaded Objects now: 1576.
Total: 1.529300 ms (FindLiveObjects: 0.115000 ms CreateObjectMapping: 0.034700 ms MarkObjects: 1.337300 ms  DeleteObjects: 0.041600 ms)

AssetImportWorkerClient::OnTransportError - code=2 error=End of file
