Using pre-set license
Built from '2020.3/staging' branch; Version is '2020.3.6f1 (338bb68529b2) revision 3378102'; Using compiler version '192528614'; Build Type 'Release'
OS: 'Windows 10 Pro; OS build 19042.928; Version 2009; 64bit' Language: 'en' Physical Memory: 16285 MB
BatchMode: 1, IsHumanControllingUs: 0, StartBugReporterOnCrash: 0, Is64bit: 1, IsPro: 0

 COMMAND LINE ARGUMENTS:
C:\Program Files\Unity\Hub\Editor\2020.3.6f1\Editor\Unity.exe
-adb2
-batchMode
-noUpm
-name
AssetImportWorker0
-projectPath
C:/Users/Addam/OneDrive/Desktop/Unity Projects/New Unity Project (1)
-logFile
Logs/AssetImportWorker0.log
-srvPort
54587
Successfully changed project path to: C:/Users/Addam/OneDrive/Desktop/Unity Projects/New Unity Project (1)
C:/Users/Addam/OneDrive/Desktop/Unity Projects/New Unity Project (1)
Using Asset Import Pipeline V2.
Refreshing native plugins compatible for Editor in 43.35 ms, found 0 plugins.
Preloading 0 native plugins for Editor in 0.00 ms.
Initialize engine version: 2020.3.6f1 (338bb68529b2)
[Subsystems] Discovering subsystems at path C:/Program Files/Unity/Hub/Editor/2020.3.6f1/Editor/Data/Resources/UnitySubsystems
[Subsystems] Discovering subsystems at path C:/Users/Addam/OneDrive/Desktop/Unity Projects/New Unity Project (1)/Assets
GfxDevice: creating device client; threaded=0
Direct3D:
    Version:  Direct3D 11.0 [level 11.0]
    Renderer: NVIDIA GeForce GTX 570 (ID=0x1081)
    Vendor:   
    VRAM:     1224 MB
    Driver:   23.21.13.9135
Initialize mono
Mono path[0] = 'C:/Program Files/Unity/Hub/Editor/2020.3.6f1/Editor/Data/Managed'
Mono path[1] = 'C:/Program Files/Unity/Hub/Editor/2020.3.6f1/Editor/Data/MonoBleedingEdge/lib/mono/unityjit'
Mono config path = 'C:/Program Files/Unity/Hub/Editor/2020.3.6f1/Editor/Data/MonoBleedingEdge/etc'
Using monoOptions --debugger-agent=transport=dt_socket,embedding=1,server=y,suspend=n,address=127.0.0.1:56440
Begin MonoManager ReloadAssembly
Registering precompiled unity dll's ...
Register platform support module: C:/Program Files/Unity/Hub/Editor/2020.3.6f1/Editor/Data/PlaybackEngines/WebGLSupport/UnityEditor.WebGL.Extensions.dll
Register platform support module: C:/Program Files/Unity/Hub/Editor/2020.3.6f1/Editor/Data/PlaybackEngines/WindowsStandaloneSupport/UnityEditor.WindowsStandalone.Extensions.dll
Registered in 0.092897 seconds.
Native extension for WindowsStandalone target not found
Native extension for WebGL target not found
Refreshing native plugins compatible for Editor in 22.70 ms, found 0 plugins.
Preloading 0 native plugins for Editor in 0.00 ms.
Mono: successfully reloaded assembly
- Completed reload, in  1.262 seconds
Platform modules already initialized, skipping
Registering precompiled user dll's ...
Registered in 0.044372 seconds.
Begin MonoManager ReloadAssembly
Native extension for WindowsStandalone target not found
Native extension for WebGL target not found
Refreshing native plugins compatible for Editor in 0.25 ms, found 0 plugins.
Preloading 0 native plugins for Editor in 0.00 ms.
Mono: successfully reloaded assembly
- Completed reload, in  1.322 seconds
Platform modules already initialized, skipping
========================================================================
Worker process is ready to serve import requests
Launched and connected shader compiler UnityShaderCompiler.exe after 0.08 seconds
Refreshing native plugins compatible for Editor in 0.25 ms, found 0 plugins.
Preloading 0 native plugins for Editor in 0.00 ms.
Unloading 1115 Unused Serialized files (Serialized files now loaded: 0)
System memory in use before: 57.1 MB.
System memory in use after: 57.2 MB.

Unloading 10 unused Assets to reduce memory usage. Loaded Objects now: 1557.
Total: 1.663700 ms (FindLiveObjects: 0.134400 ms CreateObjectMapping: 0.035700 ms MarkObjects: 1.416300 ms  DeleteObjects: 0.076200 ms)

========================================================================
Received Import Request.
  path: Assets/Scenes 1
  artifactKey: Guid(8d2480016a1ae914787312545a1149c3) Importer(815301076,1909f56bfc062723c751e8b465ee728b)
Start importing Assets/Scenes 1 using Guid(8d2480016a1ae914787312545a1149c3) Importer(815301076,1909f56bfc062723c751e8b465ee728b)  -> (artifact id: 'b8acad61d15494a56b727ed7f18b89ca') in 0.115671 seconds
  Import took 0.117490 seconds .

========================================================================
Received Import Request.
  Time since last request: 77.632645 seconds.
  path: Assets/Scenes 2
  artifactKey: Guid(daeca2ca385c71542b56034777a559ba) Importer(815301076,1909f56bfc062723c751e8b465ee728b)
Start importing Assets/Scenes 2 using Guid(daeca2ca385c71542b56034777a559ba) Importer(815301076,1909f56bfc062723c751e8b465ee728b)  -> (artifact id: 'e4d3a44af528f6ec48a6d0cfa2201f8c') in 0.006217 seconds
  Import took 0.008552 seconds .

========================================================================
Received Import Request.
  Time since last request: 9.145195 seconds.
  path: Assets/Scenes
  artifactKey: Guid(53344601f40d1af4db76a49977530eb4) Importer(815301076,1909f56bfc062723c751e8b465ee728b)
Start importing Assets/Scenes using Guid(53344601f40d1af4db76a49977530eb4) Importer(815301076,1909f56bfc062723c751e8b465ee728b)  -> (artifact id: 'd65eeacb6b506ec1c2a2e2fe380853ce') in 0.007572 seconds
  Import took 0.009804 seconds .

========================================================================
Received Prepare
Registering precompiled user dll's ...
Registered in 0.000676 seconds.
Begin MonoManager ReloadAssembly
Native extension for WindowsStandalone target not found
Native extension for WebGL target not found
Refreshing native plugins compatible for Editor in 0.25 ms, found 0 plugins.
Preloading 0 native plugins for Editor in 0.00 ms.
Mono: successfully reloaded assembly
- Completed reload, in  0.799 seconds
Platform modules already initialized, skipping
Refreshing native plugins compatible for Editor in 0.23 ms, found 0 plugins.
Preloading 0 native plugins for Editor in 0.00 ms.
Unloading 1111 Unused Serialized files (Serialized files now loaded: 0)
System memory in use before: 57.1 MB.
System memory in use after: 57.1 MB.

Unloading 5 unused Assets to reduce memory usage. Loaded Objects now: 1561.
Total: 1.878600 ms (FindLiveObjects: 0.244600 ms CreateObjectMapping: 0.040500 ms MarkObjects: 1.528200 ms  DeleteObjects: 0.063400 ms)

========================================================================
Received Import Request.
  Time since last request: 1870.498713 seconds.
  path: Assets/NewBehaviourScript.cs
  artifactKey: Guid(b0c860952ed87ed469bdca5f1d9002be) Importer(815301076,1909f56bfc062723c751e8b465ee728b)
Start importing Assets/NewBehaviourScript.cs using Guid(b0c860952ed87ed469bdca5f1d9002be) Importer(815301076,1909f56bfc062723c751e8b465ee728b)  -> (artifact id: 'ed92b2da6cb80a7b1963ab210e647540') in 0.072010 seconds
  Import took 0.073929 seconds .

========================================================================
Received Prepare
Registering precompiled user dll's ...
Registered in 0.000714 seconds.
Begin MonoManager ReloadAssembly
Native extension for WindowsStandalone target not found
Native extension for WebGL target not found
Refreshing native plugins compatible for Editor in 0.24 ms, found 0 plugins.
Preloading 0 native plugins for Editor in 0.00 ms.
Mono: successfully reloaded assembly
- Completed reload, in  0.751 seconds
Platform modules already initialized, skipping
Refreshing native plugins compatible for Editor in 0.24 ms, found 0 plugins.
Preloading 0 native plugins for Editor in 0.00 ms.
Unloading 1111 Unused Serialized files (Serialized files now loaded: 0)
System memory in use before: 57.1 MB.
System memory in use after: 57.2 MB.

Unloading 5 unused Assets to reduce memory usage. Loaded Objects now: 1564.
Total: 1.608100 ms (FindLiveObjects: 0.126500 ms CreateObjectMapping: 0.035100 ms MarkObjects: 1.392000 ms  DeleteObjects: 0.053400 ms)

========================================================================
Received Import Request.
  Time since last request: 5961.113492 seconds.
  path: Assets/Materials
  artifactKey: Guid(c58ebb924d6bbd44ba718ffc71b5f895) Importer(815301076,1909f56bfc062723c751e8b465ee728b)
Start importing Assets/Materials using Guid(c58ebb924d6bbd44ba718ffc71b5f895) Importer(815301076,1909f56bfc062723c751e8b465ee728b)  -> (artifact id: '35a4756353829129b704b17162aea8db') in 0.010116 seconds
  Import took 0.012642 seconds .

========================================================================
Received Import Request.
  Time since last request: 0.005541 seconds.
  path: Assets/Materials
  artifactKey: Guid(c58ebb924d6bbd44ba718ffc71b5f895) Importer(815301076,1909f56bfc062723c751e8b465ee728b)
Start importing Assets/Materials using Guid(c58ebb924d6bbd44ba718ffc71b5f895) Importer(815301076,1909f56bfc062723c751e8b465ee728b)  -> (artifact id: '35a4756353829129b704b17162aea8db') in 0.002536 seconds
  Import took 0.004614 seconds .

========================================================================
Received Prepare
Registering precompiled user dll's ...
Registered in 0.000779 seconds.
Begin MonoManager ReloadAssembly
Native extension for WindowsStandalone target not found
Native extension for WebGL target not found
Refreshing native plugins compatible for Editor in 0.25 ms, found 0 plugins.
Preloading 0 native plugins for Editor in 0.00 ms.
Mono: successfully reloaded assembly
- Completed reload, in  0.775 seconds
Platform modules already initialized, skipping
Refreshing native plugins compatible for Editor in 0.25 ms, found 0 plugins.
Preloading 0 native plugins for Editor in 0.00 ms.
Unloading 1110 Unused Serialized files (Serialized files now loaded: 0)
System memory in use before: 57.1 MB.
System memory in use after: 57.2 MB.

Unloading 6 unused Assets to reduce memory usage. Loaded Objects now: 1566.
Total: 1.697400 ms (FindLiveObjects: 0.134100 ms CreateObjectMapping: 0.034700 ms MarkObjects: 1.440300 ms  DeleteObjects: 0.086900 ms)

========================================================================
Received Import Request.
  Time since last request: 511.785076 seconds.
  path: Assets/Scenes/Player.cs
  artifactKey: Guid(32f625dcd912c754cbb61329145e6faa) Importer(815301076,1909f56bfc062723c751e8b465ee728b)
Start importing Assets/Scenes/Player.cs using Guid(32f625dcd912c754cbb61329145e6faa) Importer(815301076,1909f56bfc062723c751e8b465ee728b)  -> (artifact id: '6369f7efb3da01f37fefce58ed879575') in 0.010074 seconds
  Import took 0.012630 seconds .

========================================================================
Received Prepare
Registering precompiled user dll's ...
Registered in 0.000773 seconds.
Begin MonoManager ReloadAssembly
Native extension for WindowsStandalone target not found
Native extension for WebGL target not found
Refreshing native plugins compatible for Editor in 0.26 ms, found 0 plugins.
Preloading 0 native plugins for Editor in 0.00 ms.
Mono: successfully reloaded assembly
- Completed reload, in  0.797 seconds
Platform modules already initialized, skipping
Refreshing native plugins compatible for Editor in 0.25 ms, found 0 plugins.
Preloading 0 native plugins for Editor in 0.00 ms.
Unloading 1111 Unused Serialized files (Serialized files now loaded: 0)
System memory in use before: 57.1 MB.
System memory in use after: 57.2 MB.

Unloading 5 unused Assets to reduce memory usage. Loaded Objects now: 1570.
Total: 1.709100 ms (FindLiveObjects: 0.165000 ms CreateObjectMapping: 0.053800 ms MarkObjects: 1.436000 ms  DeleteObjects: 0.053600 ms)

========================================================================
Received Prepare
Registering precompiled user dll's ...
Registered in 0.000731 seconds.
Begin MonoManager ReloadAssembly
Native extension for WindowsStandalone target not found
Native extension for WebGL target not found
Refreshing native plugins compatible for Editor in 0.24 ms, found 0 plugins.
Preloading 0 native plugins for Editor in 0.00 ms.
Mono: successfully reloaded assembly
- Completed reload, in  0.745 seconds
Platform modules already initialized, skipping
Refreshing native plugins compatible for Editor in 0.20 ms, found 0 plugins.
Preloading 0 native plugins for Editor in 0.00 ms.
Unloading 1111 Unused Serialized files (Serialized files now loaded: 0)
System memory in use before: 57.1 MB.
System memory in use after: 57.2 MB.

Unloading 5 unused Assets to reduce memory usage. Loaded Objects now: 1573.
Total: 1.753600 ms (FindLiveObjects: 0.157200 ms CreateObjectMapping: 0.035300 ms MarkObjects: 1.488000 ms  DeleteObjects: 0.069900 ms)

========================================================================
Received Import Request.
  Time since last request: 580.754469 seconds.
  path: Assets/Scenes/Player.cs
  artifactKey: Guid(32f625dcd912c754cbb61329145e6faa) Importer(815301076,1909f56bfc062723c751e8b465ee728b)
Start importing Assets/Scenes/Player.cs using Guid(32f625dcd912c754cbb61329145e6faa) Importer(815301076,1909f56bfc062723c751e8b465ee728b)  -> (artifact id: '570e0fb0b085f838d47ed8a71661d77b') in 0.006715 seconds
  Import took 0.008514 seconds .

========================================================================
Received Prepare
Registering precompiled user dll's ...
Registered in 0.000661 seconds.
Begin MonoManager ReloadAssembly
Native extension for WindowsStandalone target not found
Native extension for WebGL target not found
Refreshing native plugins compatible for Editor in 0.24 ms, found 0 plugins.
Preloading 0 native plugins for Editor in 0.00 ms.
Mono: successfully reloaded assembly
- Completed reload, in  0.736 seconds
Platform modules already initialized, skipping
Refreshing native plugins compatible for Editor in 0.25 ms, found 0 plugins.
Preloading 0 native plugins for Editor in 0.00 ms.
Unloading 1111 Unused Serialized files (Serialized files now loaded: 0)
System memory in use before: 57.1 MB.
System memory in use after: 57.2 MB.

Unloading 5 unused Assets to reduce memory usage. Loaded Objects now: 1576.
Total: 1.584200 ms (FindLiveObjects: 0.125700 ms CreateObjectMapping: 0.035200 ms MarkObjects: 1.369200 ms  DeleteObjects: 0.052700 ms)

========================================================================
Received Prepare
Registering precompiled user dll's ...
Registered in 0.000797 seconds.
Begin MonoManager ReloadAssembly
Native extension for WindowsStandalone target not found
Native extension for WebGL target not found
Refreshing native plugins compatible for Editor in 0.26 ms, found 0 plugins.
Preloading 0 native plugins for Editor in 0.00 ms.
Mono: successfully reloaded assembly
- Completed reload, in  0.835 seconds
Platform modules already initialized, skipping
Refreshing native plugins compatible for Editor in 0.25 ms, found 0 plugins.
Preloading 0 native plugins for Editor in 0.00 ms.
Unloading 1111 Unused Serialized files (Serialized files now loaded: 0)
System memory in use before: 57.1 MB.
System memory in use after: 57.2 MB.

Unloading 5 unused Assets to reduce memory usage. Loaded Objects now: 1579.
Total: 1.789900 ms (FindLiveObjects: 0.175800 ms CreateObjectMapping: 0.036700 ms MarkObjects: 1.520900 ms  DeleteObjects: 0.055300 ms)

========================================================================
Received Prepare
Registering precompiled user dll's ...
Registered in 0.000720 seconds.
Begin MonoManager ReloadAssembly
Native extension for WindowsStandalone target not found
Native extension for WebGL target not found
Refreshing native plugins compatible for Editor in 0.35 ms, found 0 plugins.
Preloading 0 native plugins for Editor in 0.00 ms.
Mono: successfully reloaded assembly
- Completed reload, in  0.835 seconds
Platform modules already initialized, skipping
Refreshing native plugins compatible for Editor in 0.35 ms, found 0 plugins.
Preloading 0 native plugins for Editor in 0.00 ms.
Unloading 1111 Unused Serialized files (Serialized files now loaded: 0)
System memory in use before: 57.1 MB.
System memory in use after: 57.2 MB.

Unloading 5 unused Assets to reduce memory usage. Loaded Objects now: 1582.
Total: 2.455900 ms (FindLiveObjects: 0.134300 ms CreateObjectMapping: 0.036400 ms MarkObjects: 2.213600 ms  DeleteObjects: 0.070000 ms)

========================================================================
Received Prepare
Registering precompiled user dll's ...
Registered in 0.000767 seconds.
Begin MonoManager ReloadAssembly
Native extension for WindowsStandalone target not found
Native extension for WebGL target not found
Refreshing native plugins compatible for Editor in 0.24 ms, found 0 plugins.
Preloading 0 native plugins for Editor in 0.00 ms.
Mono: successfully reloaded assembly
- Completed reload, in  0.833 seconds
Platform modules already initialized, skipping
Refreshing native plugins compatible for Editor in 0.24 ms, found 0 plugins.
Preloading 0 native plugins for Editor in 0.00 ms.
Unloading 1111 Unused Serialized files (Serialized files now loaded: 0)
System memory in use before: 57.2 MB.
System memory in use after: 57.2 MB.

Unloading 5 unused Assets to reduce memory usage. Loaded Objects now: 1585.
Total: 1.757400 ms (FindLiveObjects: 0.190900 ms CreateObjectMapping: 0.037100 ms MarkObjects: 1.472800 ms  DeleteObjects: 0.055200 ms)

========================================================================
Received Import Request.
  Time since last request: 786.366462 seconds.
  path: Assets/Scenes/Player.cs
  artifactKey: Guid(32f625dcd912c754cbb61329145e6faa) Importer(815301076,1909f56bfc062723c751e8b465ee728b)
Start importing Assets/Scenes/Player.cs using Guid(32f625dcd912c754cbb61329145e6faa) Importer(815301076,1909f56bfc062723c751e8b465ee728b)  -> (artifact id: '078d86debb818c3be1d7d564dbfc3900') in 0.008536 seconds
  Import took 0.010502 seconds .

========================================================================
Received Import Request.
  Time since last request: 0.000878 seconds.
  path: Assets/Scenes/Player.cs
  artifactKey: Guid(32f625dcd912c754cbb61329145e6faa) Importer(815301076,1909f56bfc062723c751e8b465ee728b)
Start importing Assets/Scenes/Player.cs using Guid(32f625dcd912c754cbb61329145e6faa) Importer(815301076,1909f56bfc062723c751e8b465ee728b)  -> (artifact id: '078d86debb818c3be1d7d564dbfc3900') in 0.002201 seconds
  Import took 0.003827 seconds .

========================================================================
Received Prepare
Registering precompiled user dll's ...
Registered in 0.000718 seconds.
Begin MonoManager ReloadAssembly
Native extension for WindowsStandalone target not found
Native extension for WebGL target not found
Refreshing native plugins compatible for Editor in 0.26 ms, found 0 plugins.
Preloading 0 native plugins for Editor in 0.00 ms.
Mono: successfully reloaded assembly
- Completed reload, in  0.732 seconds
Platform modules already initialized, skipping
Refreshing native plugins compatible for Editor in 0.21 ms, found 0 plugins.
Preloading 0 native plugins for Editor in 0.00 ms.
Unloading 1111 Unused Serialized files (Serialized files now loaded: 0)
System memory in use before: 57.2 MB.
System memory in use after: 57.2 MB.

Unloading 5 unused Assets to reduce memory usage. Loaded Objects now: 1588.
Total: 1.594700 ms (FindLiveObjects: 0.132700 ms CreateObjectMapping: 0.034000 ms MarkObjects: 1.378700 ms  DeleteObjects: 0.048400 ms)

========================================================================
Received Prepare
Registering precompiled user dll's ...
Registered in 0.000701 seconds.
Begin MonoManager ReloadAssembly
Native extension for WindowsStandalone target not found
Native extension for WebGL target not found
Refreshing native plugins compatible for Editor in 0.24 ms, found 0 plugins.
Preloading 0 native plugins for Editor in 0.00 ms.
Mono: successfully reloaded assembly
- Completed reload, in  0.724 seconds
Platform modules already initialized, skipping
Refreshing native plugins compatible for Editor in 0.21 ms, found 0 plugins.
Preloading 0 native plugins for Editor in 0.00 ms.
Unloading 1111 Unused Serialized files (Serialized files now loaded: 0)
System memory in use before: 57.2 MB.
System memory in use after: 57.2 MB.

Unloading 5 unused Assets to reduce memory usage. Loaded Objects now: 1591.
Total: 1.707000 ms (FindLiveObjects: 0.134900 ms CreateObjectMapping: 0.035700 ms MarkObjects: 1.485000 ms  DeleteObjects: 0.050000 ms)

========================================================================
Received Import Request.
  Time since last request: 238.741028 seconds.
  path: Assets/Scripts
  artifactKey: Guid(0ea34794ccb0645429efd891cc9cca40) Importer(815301076,1909f56bfc062723c751e8b465ee728b)
Start importing Assets/Scripts using Guid(0ea34794ccb0645429efd891cc9cca40) Importer(815301076,1909f56bfc062723c751e8b465ee728b)  -> (artifact id: '522bd2bb4c9ff33b0be425d8393c9f12') in 0.009024 seconds
  Import took 0.010809 seconds .

========================================================================
Received Prepare
Registering precompiled user dll's ...
Registered in 0.000669 seconds.
Begin MonoManager ReloadAssembly
Native extension for WindowsStandalone target not found
Native extension for WebGL target not found
Refreshing native plugins compatible for Editor in 0.25 ms, found 0 plugins.
Preloading 0 native plugins for Editor in 0.00 ms.
Mono: successfully reloaded assembly
- Completed reload, in  0.748 seconds
Platform modules already initialized, skipping
Refreshing native plugins compatible for Editor in 0.20 ms, found 0 plugins.
Preloading 0 native plugins for Editor in 0.00 ms.
Unloading 1111 Unused Serialized files (Serialized files now loaded: 0)
System memory in use before: 57.2 MB.
System memory in use after: 57.2 MB.

Unloading 5 unused Assets to reduce memory usage. Loaded Objects now: 1594.
Total: 1.549800 ms (FindLiveObjects: 0.120600 ms CreateObjectMapping: 0.034500 ms MarkObjects: 1.351200 ms  DeleteObjects: 0.042400 ms)

========================================================================
Received Prepare
Registering precompiled user dll's ...
Registered in 0.000667 seconds.
Begin MonoManager ReloadAssembly
Native extension for WindowsStandalone target not found
Native extension for WebGL target not found
Refreshing native plugins compatible for Editor in 0.24 ms, found 0 plugins.
Preloading 0 native plugins for Editor in 0.00 ms.
Mono: successfully reloaded assembly
- Completed reload, in  0.770 seconds
Platform modules already initialized, skipping
Refreshing native plugins compatible for Editor in 0.19 ms, found 0 plugins.
Preloading 0 native plugins for Editor in 0.00 ms.
Unloading 1110 Unused Serialized files (Serialized files now loaded: 0)
System memory in use before: 57.2 MB.
System memory in use after: 57.2 MB.

Unloading 6 unused Assets to reduce memory usage. Loaded Objects now: 1596.
Total: 1.695500 ms (FindLiveObjects: 0.128100 ms CreateObjectMapping: 0.035100 ms MarkObjects: 1.479000 ms  DeleteObjects: 0.052100 ms)

========================================================================
Received Import Request.
  Time since last request: 35.506273 seconds.
  path: Assets/Player.cs
  artifactKey: Guid(3f2b928d05fc62545905ea50ae1667eb) Importer(815301076,1909f56bfc062723c751e8b465ee728b)
Start importing Assets/Player.cs using Guid(3f2b928d05fc62545905ea50ae1667eb) Importer(815301076,1909f56bfc062723c751e8b465ee728b)  -> (artifact id: 'a491e9089e00c21351d07c0a7fffc54b') in 0.006706 seconds
  Import took 0.008857 seconds .

========================================================================
Received Prepare
Registering precompiled user dll's ...
Registered in 0.000708 seconds.
Begin MonoManager ReloadAssembly
Native extension for WindowsStandalone target not found
Native extension for WebGL target not found
Refreshing native plugins compatible for Editor in 0.24 ms, found 0 plugins.
Preloading 0 native plugins for Editor in 0.00 ms.
Mono: successfully reloaded assembly
- Completed reload, in  0.731 seconds
Platform modules already initialized, skipping
Refreshing native plugins compatible for Editor in 0.20 ms, found 0 plugins.
Preloading 0 native plugins for Editor in 0.00 ms.
Unloading 1111 Unused Serialized files (Serialized files now loaded: 0)
System memory in use before: 57.2 MB.
System memory in use after: 57.3 MB.

Unloading 5 unused Assets to reduce memory usage. Loaded Objects now: 1600.
Total: 1.532800 ms (FindLiveObjects: 0.119300 ms CreateObjectMapping: 0.034700 ms MarkObjects: 1.332400 ms  DeleteObjects: 0.045500 ms)

========================================================================
Received Prepare
Registering precompiled user dll's ...
Registered in 0.000687 seconds.
Begin MonoManager ReloadAssembly
Native extension for WindowsStandalone target not found
Native extension for WebGL target not found
Refreshing native plugins compatible for Editor in 0.25 ms, found 0 plugins.
Preloading 0 native plugins for Editor in 0.00 ms.
Mono: successfully reloaded assembly
- Completed reload, in  0.750 seconds
Platform modules already initialized, skipping
Refreshing native plugins compatible for Editor in 0.21 ms, found 0 plugins.
Preloading 0 native plugins for Editor in 0.00 ms.
Unloading 1111 Unused Serialized files (Serialized files now loaded: 0)
System memory in use before: 57.2 MB.
System memory in use after: 57.3 MB.

Unloading 5 unused Assets to reduce memory usage. Loaded Objects now: 1603.
Total: 1.598400 ms (FindLiveObjects: 0.140800 ms CreateObjectMapping: 0.036300 ms MarkObjects: 1.370500 ms  DeleteObjects: 0.049500 ms)

========================================================================
Received Import Request.
  Time since last request: 127.935544 seconds.
  path: Assets/Player.cs
  artifactKey: Guid(3f2b928d05fc62545905ea50ae1667eb) Importer(815301076,1909f56bfc062723c751e8b465ee728b)
Start importing Assets/Player.cs using Guid(3f2b928d05fc62545905ea50ae1667eb) Importer(815301076,1909f56bfc062723c751e8b465ee728b)  -> (artifact id: '7a59a4f0f30a33051e900745a2f5c4a5') in 0.006542 seconds
  Import took 0.008867 seconds .

========================================================================
Received Import Request.
  Time since last request: 0.004097 seconds.
  path: Assets/Player.cs
  artifactKey: Guid(3f2b928d05fc62545905ea50ae1667eb) Importer(815301076,1909f56bfc062723c751e8b465ee728b)
Start importing Assets/Player.cs using Guid(3f2b928d05fc62545905ea50ae1667eb) Importer(815301076,1909f56bfc062723c751e8b465ee728b)  -> (artifact id: '7a59a4f0f30a33051e900745a2f5c4a5') in 0.002498 seconds
  Import took 0.004799 seconds .

========================================================================
Received Prepare
Registering precompiled user dll's ...
Registered in 0.000653 seconds.
Begin MonoManager ReloadAssembly
Native extension for WindowsStandalone target not found
Native extension for WebGL target not found
Refreshing native plugins compatible for Editor in 0.24 ms, found 0 plugins.
Preloading 0 native plugins for Editor in 0.00 ms.
Mono: successfully reloaded assembly
- Completed reload, in  0.715 seconds
Platform modules already initialized, skipping
Refreshing native plugins compatible for Editor in 0.19 ms, found 0 plugins.
Preloading 0 native plugins for Editor in 0.00 ms.
Unloading 1111 Unused Serialized files (Serialized files now loaded: 0)
System memory in use before: 57.2 MB.
System memory in use after: 57.3 MB.

Unloading 5 unused Assets to reduce memory usage. Loaded Objects now: 1606.
Total: 1.668700 ms (FindLiveObjects: 0.120800 ms CreateObjectMapping: 0.034600 ms MarkObjects: 1.465800 ms  DeleteObjects: 0.046800 ms)

========================================================================
Received Prepare
Registering precompiled user dll's ...
Registered in 0.000741 seconds.
Begin MonoManager ReloadAssembly
Native extension for WindowsStandalone target not found
Native extension for WebGL target not found
Refreshing native plugins compatible for Editor in 0.24 ms, found 0 plugins.
Preloading 0 native plugins for Editor in 0.00 ms.
Mono: successfully reloaded assembly
- Completed reload, in  0.741 seconds
Platform modules already initialized, skipping
Refreshing native plugins compatible for Editor in 0.32 ms, found 0 plugins.
Preloading 0 native plugins for Editor in 0.00 ms.
Unloading 1111 Unused Serialized files (Serialized files now loaded: 0)
System memory in use before: 57.2 MB.
System memory in use after: 57.3 MB.

Unloading 5 unused Assets to reduce memory usage. Loaded Objects now: 1609.
Total: 1.690600 ms (FindLiveObjects: 0.127200 ms CreateObjectMapping: 0.035100 ms MarkObjects: 1.475900 ms  DeleteObjects: 0.051200 ms)

========================================================================
Received Import Request.
  Time since last request: 70.673892 seconds.
  path: Assets/Player.cs
  artifactKey: Guid(3f2b928d05fc62545905ea50ae1667eb) Importer(815301076,1909f56bfc062723c751e8b465ee728b)
Start importing Assets/Player.cs using Guid(3f2b928d05fc62545905ea50ae1667eb) Importer(815301076,1909f56bfc062723c751e8b465ee728b)  -> (artifact id: 'c32dcd65f51506267f7bdd2ca5939cae') in 0.008260 seconds
  Import took 0.010162 seconds .

========================================================================
Received Prepare
Registering precompiled user dll's ...
Registered in 0.000671 seconds.
Begin MonoManager ReloadAssembly
Native extension for WindowsStandalone target not found
Native extension for WebGL target not found
Refreshing native plugins compatible for Editor in 0.24 ms, found 0 plugins.
Preloading 0 native plugins for Editor in 0.00 ms.
Mono: successfully reloaded assembly
- Completed reload, in  0.743 seconds
Platform modules already initialized, skipping
Refreshing native plugins compatible for Editor in 0.23 ms, found 0 plugins.
Preloading 0 native plugins for Editor in 0.00 ms.
Unloading 1111 Unused Serialized files (Serialized files now loaded: 0)
System memory in use before: 57.3 MB.
System memory in use after: 57.3 MB.

Unloading 5 unused Assets to reduce memory usage. Loaded Objects now: 1612.
Total: 1.829300 ms (FindLiveObjects: 0.223400 ms CreateObjectMapping: 0.044400 ms MarkObjects: 1.503400 ms  DeleteObjects: 0.055100 ms)

========================================================================
Received Import Request.
  Time since last request: 97.913072 seconds.
  path: Assets/Player.cs
  artifactKey: Guid(3f2b928d05fc62545905ea50ae1667eb) Importer(815301076,1909f56bfc062723c751e8b465ee728b)
Start importing Assets/Player.cs using Guid(3f2b928d05fc62545905ea50ae1667eb) Importer(815301076,1909f56bfc062723c751e8b465ee728b)  -> (artifact id: 'c80409994e7d81f30afca8a7aa915e50') in 0.004372 seconds
  Import took 0.006160 seconds .

========================================================================
Received Prepare
Registering precompiled user dll's ...
Registered in 0.000653 seconds.
Begin MonoManager ReloadAssembly
Native extension for WindowsStandalone target not found
Native extension for WebGL target not found
Refreshing native plugins compatible for Editor in 0.24 ms, found 0 plugins.
Preloading 0 native plugins for Editor in 0.00 ms.
Mono: successfully reloaded assembly
- Completed reload, in  0.726 seconds
Platform modules already initialized, skipping
Refreshing native plugins compatible for Editor in 0.23 ms, found 0 plugins.
Preloading 0 native plugins for Editor in 0.00 ms.
Unloading 1111 Unused Serialized files (Serialized files now loaded: 0)
System memory in use before: 57.3 MB.
System memory in use after: 57.3 MB.

Unloading 5 unused Assets to reduce memory usage. Loaded Objects now: 1615.
Total: 1.723700 ms (FindLiveObjects: 0.162600 ms CreateObjectMapping: 0.036200 ms MarkObjects: 1.473600 ms  DeleteObjects: 0.050100 ms)

========================================================================
Received Prepare
Registering precompiled user dll's ...
Registered in 0.000713 seconds.
Begin MonoManager ReloadAssembly
Native extension for WindowsStandalone target not found
Native extension for WebGL target not found
Refreshing native plugins compatible for Editor in 0.24 ms, found 0 plugins.
Preloading 0 native plugins for Editor in 0.00 ms.
Mono: successfully reloaded assembly
- Completed reload, in  0.766 seconds
Platform modules already initialized, skipping
Refreshing native plugins compatible for Editor in 0.19 ms, found 0 plugins.
Preloading 0 native plugins for Editor in 0.00 ms.
Unloading 1111 Unused Serialized files (Serialized files now loaded: 0)
System memory in use before: 57.3 MB.
System memory in use after: 57.3 MB.

Unloading 5 unused Assets to reduce memory usage. Loaded Objects now: 1618.
Total: 1.567500 ms (FindLiveObjects: 0.130600 ms CreateObjectMapping: 0.035300 ms MarkObjects: 1.346800 ms  DeleteObjects: 0.053700 ms)

========================================================================
Received Import Request.
  Time since last request: 183.012492 seconds.
  path: Assets/Player.cs
  artifactKey: Guid(3f2b928d05fc62545905ea50ae1667eb) Importer(815301076,1909f56bfc062723c751e8b465ee728b)
Start importing Assets/Player.cs using Guid(3f2b928d05fc62545905ea50ae1667eb) Importer(815301076,1909f56bfc062723c751e8b465ee728b)  -> (artifact id: '5bb7d7e98c096bcd0909b66fb8e49d57') in 0.004254 seconds
  Import took 0.005984 seconds .

========================================================================
Received Prepare
Registering precompiled user dll's ...
Registered in 0.000662 seconds.
Begin MonoManager ReloadAssembly
Native extension for WindowsStandalone target not found
Native extension for WebGL target not found
Refreshing native plugins compatible for Editor in 0.24 ms, found 0 plugins.
Preloading 0 native plugins for Editor in 0.00 ms.
Mono: successfully reloaded assembly
- Completed reload, in  0.742 seconds
Platform modules already initialized, skipping
Refreshing native plugins compatible for Editor in 0.49 ms, found 0 plugins.
Preloading 0 native plugins for Editor in 0.00 ms.
Unloading 1111 Unused Serialized files (Serialized files now loaded: 0)
System memory in use before: 57.3 MB.
System memory in use after: 57.3 MB.

Unloading 5 unused Assets to reduce memory usage. Loaded Objects now: 1621.
Total: 1.690600 ms (FindLiveObjects: 0.146400 ms CreateObjectMapping: 0.037000 ms MarkObjects: 1.452800 ms  DeleteObjects: 0.053600 ms)

========================================================================
Received Prepare
Registering precompiled user dll's ...
Registered in 0.000756 seconds.
Begin MonoManager ReloadAssembly
Native extension for WindowsStandalone target not found
Native extension for WebGL target not found
Refreshing native plugins compatible for Editor in 0.25 ms, found 0 plugins.
Preloading 0 native plugins for Editor in 0.00 ms.
Mono: successfully reloaded assembly
- Completed reload, in  0.777 seconds
Platform modules already initialized, skipping
Refreshing native plugins compatible for Editor in 0.22 ms, found 0 plugins.
Preloading 0 native plugins for Editor in 0.00 ms.
Unloading 1111 Unused Serialized files (Serialized files now loaded: 0)
System memory in use before: 57.3 MB.
System memory in use after: 57.3 MB.

Unloading 5 unused Assets to reduce memory usage. Loaded Objects now: 1624.
Total: 1.655800 ms (FindLiveObjects: 0.198200 ms CreateObjectMapping: 0.035300 ms MarkObjects: 1.370500 ms  DeleteObjects: 0.050500 ms)

========================================================================
Received Import Request.
  Time since last request: 175.735257 seconds.
  path: Assets/Player.cs
  artifactKey: Guid(3f2b928d05fc62545905ea50ae1667eb) Importer(815301076,1909f56bfc062723c751e8b465ee728b)
Start importing Assets/Player.cs using Guid(3f2b928d05fc62545905ea50ae1667eb) Importer(815301076,1909f56bfc062723c751e8b465ee728b)  -> (artifact id: '85a2485a2bb4833ca962d06074d16a93') in 0.009979 seconds
  Import took 0.011816 seconds .

========================================================================
Received Import Request.
  Time since last request: 1.468312 seconds.
  path: Assets/Player.cs
  artifactKey: Guid(3f2b928d05fc62545905ea50ae1667eb) Importer(815301076,1909f56bfc062723c751e8b465ee728b)
Start importing Assets/Player.cs using Guid(3f2b928d05fc62545905ea50ae1667eb) Importer(815301076,1909f56bfc062723c751e8b465ee728b)  -> (artifact id: '85a2485a2bb4833ca962d06074d16a93') in 0.002253 seconds
  Import took 0.004088 seconds .

========================================================================
Received Prepare
Registering precompiled user dll's ...
Registered in 0.000653 seconds.
Begin MonoManager ReloadAssembly
Native extension for WindowsStandalone target not found
Native extension for WebGL target not found
Refreshing native plugins compatible for Editor in 0.26 ms, found 0 plugins.
Preloading 0 native plugins for Editor in 0.00 ms.
Mono: successfully reloaded assembly
- Completed reload, in  0.779 seconds
Platform modules already initialized, skipping
Refreshing native plugins compatible for Editor in 0.19 ms, found 0 plugins.
Preloading 0 native plugins for Editor in 0.00 ms.
Unloading 1111 Unused Serialized files (Serialized files now loaded: 0)
System memory in use before: 57.3 MB.
System memory in use after: 57.4 MB.

Unloading 5 unused Assets to reduce memory usage. Loaded Objects now: 1627.
Total: 1.673300 ms (FindLiveObjects: 0.130300 ms CreateObjectMapping: 0.035700 ms MarkObjects: 1.452100 ms  DeleteObjects: 0.054100 ms)

========================================================================
Received Prepare
Registering precompiled user dll's ...
Registered in 0.000830 seconds.
Begin MonoManager ReloadAssembly
Native extension for WindowsStandalone target not found
Native extension for WebGL target not found
Refreshing native plugins compatible for Editor in 0.24 ms, found 0 plugins.
Preloading 0 native plugins for Editor in 0.00 ms.
Mono: successfully reloaded assembly
- Completed reload, in  0.760 seconds
Platform modules already initialized, skipping
Refreshing native plugins compatible for Editor in 0.21 ms, found 0 plugins.
Preloading 0 native plugins for Editor in 0.00 ms.
Unloading 1111 Unused Serialized files (Serialized files now loaded: 0)
System memory in use before: 57.3 MB.
System memory in use after: 57.4 MB.

Unloading 5 unused Assets to reduce memory usage. Loaded Objects now: 1630.
Total: 1.641800 ms (FindLiveObjects: 0.127800 ms CreateObjectMapping: 0.035000 ms MarkObjects: 1.426400 ms  DeleteObjects: 0.051400 ms)

========================================================================
Received Prepare
Registering precompiled user dll's ...
Registered in 0.000673 seconds.
Begin MonoManager ReloadAssembly
Native extension for WindowsStandalone target not found
Native extension for WebGL target not found
Refreshing native plugins compatible for Editor in 0.24 ms, found 0 plugins.
Preloading 0 native plugins for Editor in 0.00 ms.
Mono: successfully reloaded assembly
- Completed reload, in  0.741 seconds
Platform modules already initialized, skipping
Refreshing native plugins compatible for Editor in 0.19 ms, found 0 plugins.
Preloading 0 native plugins for Editor in 0.00 ms.
Unloading 1111 Unused Serialized files (Serialized files now loaded: 0)
System memory in use before: 57.3 MB.
System memory in use after: 57.4 MB.

Unloading 5 unused Assets to reduce memory usage. Loaded Objects now: 1633.
Total: 1.737600 ms (FindLiveObjects: 0.154800 ms CreateObjectMapping: 0.037700 ms MarkObjects: 1.481100 ms  DeleteObjects: 0.062600 ms)

AssetImportWorkerClient::OnTransportError - code=2 error=End of file
